<?xml version="1.0" encoding="utf-8"?><testsuites name="pytest tests"><testsuite name="pytest" errors="0" failures="0" skipped="0" tests="9" time="128.071" timestamp="2026-05-02T17:25:56.931814+00:00" hostname="agent-env-6e085697-45f9-408c-83d6-f0d1eb9d7f52"><testcase classname="backend.tests.test_advisor_flow" name="test_root" time="0.218" /><testcase classname="backend.tests.test_advisor_flow" name="test_analyze_idea" time="17.790" /><testcase classname="backend.tests.test_advisor_flow" name="test_analyze_problem" time="40.202" /><testcase classname="backend.tests.test_advisor_flow" name="test_support_resources" time="26.313" /><testcase classname="backend.tests.test_advisor_flow" name="test_final_verdict" time="37.529" /><testcase classname="backend.tests.test_advisor_flow" name="test_voice_chat_no_session" time="2.480" /><testcase classname="backend.tests.test_advisor_flow" name="test_voice_chat_with_session" time="3.286" /><testcase classname="backend.tests.test_advisor_flow" name="test_session_persistence" time="0.050" /><testcase classname="backend.tests.test_advisor_flow" name="test_session_not_found" time="0.046" /></testsuite></testsuites>