<?xml version="1.0" encoding="utf-8"?><testsuites name="pytest tests"><testsuite name="pytest" errors="0" failures="0" skipped="0" tests="22" time="126.638" timestamp="2026-05-02T18:52:39.118215+00:00" hostname="agent-env-6e085697-45f9-408c-83d6-f0d1eb9d7f52"><testcase classname="backend.tests.test_auth_and_new_ai" name="test_signup_creates_user_and_returns_token" time="0.359" /><testcase classname="backend.tests.test_auth_and_new_ai" name="test_signup_duplicate_returns_409" time="0.044" /><testcase classname="backend.tests.test_auth_and_new_ai" name="test_login_success" time="0.268" /><testcase classname="backend.tests.test_auth_and_new_ai" name="test_login_wrong_password_returns_401" time="0.270" /><testcase classname="backend.tests.test_auth_and_new_ai" name="test_login_demo_user" time="0.271" /><testcase classname="backend.tests.test_auth_and_new_ai" name="test_me_with_valid_token" time="0.046" /><testcase classname="backend.tests.test_auth_and_new_ai" name="test_me_without_token_returns_401" time="0.042" /><testcase classname="backend.tests.test_auth_and_new_ai" name="test_me_with_invalid_token_returns_401" time="0.044" /><testcase classname="backend.tests.test_auth_and_new_ai" name="test_forgot_password_non_existent_returns_200_generic" time="0.045" /><testcase classname="backend.tests.test_auth_and_new_ai" name="test_forgot_password_existing_user_reaches_smtp" time="1.102" /><testcase classname="backend.tests.test_auth_and_new_ai" name="test_verify_otp_bogus_without_request_returns_400" time="0.046" /><testcase classname="backend.tests.test_auth_and_new_ai" name="test_verify_otp_with_bogus_otp_after_forgot_returns_401" time="0.267" /><testcase classname="backend.tests.test_auth_and_new_ai" name="test_investor_emails" time="6.975" /><testcase classname="backend.tests.test_auth_and_new_ai" name="test_legal_checklist" time="15.233" /><testcase classname="backend.tests.test_auth_and_new_ai" name="test_personas" time="14.323" /><testcase classname="backend.tests.test_auth_and_new_ai" name="test_pitch_deck_existing" time="16.570" /><testcase classname="backend.tests.test_auth_and_new_ai" name="test_tech_stack_existing" time="21.214" /><testcase classname="backend.tests.test_auth_and_new_ai" name="test_marketing_plan_existing" time="27.677" /><testcase classname="backend.tests.test_auth_and_new_ai" name="test_pitch_practice_existing" time="1.375" /><testcase classname="backend.tests.test_auth_and_new_ai" name="test_tts_returns_audio" time="2.136" /><testcase classname="backend.tests.test_auth_and_new_ai" name="test_generate_logo_returns_base64" time="18.159" /><testcase classname="backend.tests.test_auth_and_new_ai" name="test_session_persistence_existing" time="0.051" /></testsuite></testsuites>